<?xml version="1.0" encoding="UTF-8"?>
<!-- Generated by org.testng.reporters.JUnitReportReporter -->
<testsuite skipped="0" hostname="SELENIUM" name="com.durgasoft.ecommerce.homepage.TC001_CustomerRegistration" tests="3" failures="0" timestamp="16 Sep 2019 06:45:34 GMT" time="27.499" errors="0">
  <testcase name="verifyLogin" time="0.002" classname="com.durgasoft.ecommerce.homepage.TC001_CustomerRegistration"/>
  <testcase name="customerRegistration" time="27.495" classname="com.durgasoft.ecommerce.homepage.TC001_CustomerRegistration"/>
  <testcase name="verifyLogout" time="0.002" classname="com.durgasoft.ecommerce.homepage.TC001_CustomerRegistration"/>
</testsuite> <!-- com.durgasoft.ecommerce.homepage.TC001_CustomerRegistration -->
