<?xml version="1.0" encoding="UTF-8"?>
<!-- Generated by org.testng.reporters.JUnitReportReporter -->
<testsuite skipped="3" hostname="SELENIUM" name="com.durgasoft.selenium.test.Mouse_Keyboard_Operations" tests="4" failures="0" timestamp="30 Aug 2019 07:21:49 GMT" time="0.500" errors="0">
  <testcase name="slider" time="0.500" classname="com.durgasoft.selenium.test.Mouse_Keyboard_Operations"/>
  <testcase name="dragNdrop" classname="com.durgasoft.selenium.test.Mouse_Keyboard_Operations">
    <skipped/>
  </testcase> <!-- dragNdrop -->
  <testcase name="rightClickOnElement" classname="com.durgasoft.selenium.test.Mouse_Keyboard_Operations">
    <skipped/>
  </testcase> <!-- rightClickOnElement -->
  <testcase name="resizeobject" classname="com.durgasoft.selenium.test.Mouse_Keyboard_Operations">
    <skipped/>
  </testcase> <!-- resizeobject -->
</testsuite> <!-- com.durgasoft.selenium.test.Mouse_Keyboard_Operations -->
