<?xml version="1.0" encoding="UTF-8"?>
<!-- Generated by org.testng.reporters.JUnitReportReporter -->
<testsuite skipped="0" hostname="SELENIUM" name="com.durgasoft.selenium.test.ReadExcelDataDriverClass" tests="1" failures="0" timestamp="07 Sep 2019 07:32:04 GMT" time="3.521" errors="0">
  <testcase name="f" time="3.521" classname="com.durgasoft.selenium.test.ReadExcelDataDriverClass"/>
</testsuite> <!-- com.durgasoft.selenium.test.ReadExcelDataDriverClass -->
