<?xml version="1.0" encoding="UTF-8"?>
<!-- Generated by org.testng.reporters.JUnitReportReporter -->
<testsuite skipped="0" hostname="SELENIUM" name="com.durgasoft.selenium.test.JqueryDropdown" tests="1" failures="0" timestamp="23 Aug 2019 07:09:44 GMT" time="1.644" errors="0">
  <testcase name="f" time="1.644" classname="com.durgasoft.selenium.test.JqueryDropdown"/>
</testsuite> <!-- com.durgasoft.selenium.test.JqueryDropdown -->
