<?xml version="1.0" encoding="UTF-8"?>
<!-- Generated by org.testng.reporters.JUnitReportReporter -->
<testsuite skipped="0" hostname="SELENIUM" name="com.durgasoft.selenium.test.TC001_HMS_Login_Logout" tests="1" failures="0" timestamp="21 Aug 2019 07:23:45 GMT" time="6.889" errors="0">
  <testcase name="hms_login_logout" time="6.889" classname="com.durgasoft.selenium.test.TC001_HMS_Login_Logout"/>
</testsuite> <!-- com.durgasoft.selenium.test.TC001_HMS_Login_Logout -->
