<?xml version="1.0" encoding="UTF-8"?>
<!-- Generated by org.testng.reporters.JUnitReportReporter -->
<testsuite skipped="0" hostname="SELENIUM" name="com.durgasoft.selenium.excel.WriteExcelDataByFontStyle" tests="1" failures="0" timestamp="06 Sep 2019 07:17:52 GMT" time="1.967" errors="0">
  <testcase name="f" time="1.967" classname="com.durgasoft.selenium.excel.WriteExcelDataByFontStyle"/>
</testsuite> <!-- com.durgasoft.selenium.excel.WriteExcelDataByFontStyle -->
