<?xml version="1.0" encoding="UTF-8"?>
<!-- Generated by org.testng.reporters.JUnitReportReporter -->
<testsuite skipped="0" hostname="SELENIUM" name="com.durgasoft.selenium.test.RadioButton_Properties" tests="1" failures="0" timestamp="26 Aug 2019 06:42:42 GMT" time="1.995" errors="0">
  <testcase name="f" time="1.995" classname="com.durgasoft.selenium.test.RadioButton_Properties"/>
</testsuite> <!-- com.durgasoft.selenium.test.RadioButton_Properties -->
