<?xml version="1.0" encoding="UTF-8"?>
<!-- Generated by org.testng.reporters.JUnitReportReporter -->
<testsuite skipped="0" hostname="SELENIUM" name="com.durgasoft.selenium.test.FaceBook_Login_JSE" tests="1" failures="0" timestamp="29 Aug 2019 07:00:48 GMT" time="1.079" errors="0">
  <testcase name="f" time="1.079" classname="com.durgasoft.selenium.test.FaceBook_Login_JSE"/>
</testsuite> <!-- com.durgasoft.selenium.test.FaceBook_Login_JSE -->
