<?xml version="1.0" encoding="UTF-8"?>
<!-- Generated by org.testng.reporters.JUnitReportReporter -->
<testsuite skipped="0" hostname="SELENIUM" name="com.durgasoft.selenium.excel.ReadAllDataFromExcelFile" tests="1" failures="0" timestamp="06 Sep 2019 06:50:25 GMT" time="1.635" errors="0">
  <testcase name="f" time="1.635" classname="com.durgasoft.selenium.excel.ReadAllDataFromExcelFile"/>
</testsuite> <!-- com.durgasoft.selenium.excel.ReadAllDataFromExcelFile -->
