<?xml version="1.0" encoding="UTF-8"?>
<!-- Generated by org.testng.reporters.JUnitReportReporter -->
<testsuite skipped="0" hostname="SELENIUM" name="com.durgasoft.selenium.test.BBC_DynamicLinks" tests="1" failures="0" timestamp="22 Aug 2019 07:12:44 GMT" time="78.131" errors="0">
  <testcase name="f" time="78.131" classname="com.durgasoft.selenium.test.BBC_DynamicLinks"/>
</testsuite> <!-- com.durgasoft.selenium.test.BBC_DynamicLinks -->
