<?xml version="1.0" encoding="UTF-8"?>
<!-- Generated by org.testng.reporters.JUnitReportReporter -->
<testsuite skipped="0" hostname="SELENIUM" name="com.durgasoft.selenium.test.UploadImage_AutoIT" tests="1" failures="0" timestamp="27 Aug 2019 07:12:21 GMT" time="13.685" errors="0">
  <testcase name="f" time="13.685" classname="com.durgasoft.selenium.test.UploadImage_AutoIT"/>
</testsuite> <!-- com.durgasoft.selenium.test.UploadImage_AutoIT -->
