<?xml version="1.0" encoding="UTF-8"?>
<!-- Generated by org.testng.reporters.JUnitReportReporter -->
<testsuite skipped="0" hostname="SELENIUM" name="com.durgasoft.selenium.test.PrintAllRadioButtonProperties" tests="1" failures="0" timestamp="26 Aug 2019 06:58:34 GMT" time="40.259" errors="0">
  <testcase name="f" time="40.259" classname="com.durgasoft.selenium.test.PrintAllRadioButtonProperties"/>
</testsuite> <!-- com.durgasoft.selenium.test.PrintAllRadioButtonProperties -->
