<?xml version="1.0" encoding="UTF-8"?>
<!-- Generated by org.testng.reporters.JUnitReportReporter -->
<testsuite skipped="0" hostname="SELENIUM" name="com.durgasoft.selenium.excel.ReadDataFromExcelFile" tests="1" failures="0" timestamp="05 Sep 2019 07:13:33 GMT" time="1.171" errors="0">
  <testcase name="f" time="1.171" classname="com.durgasoft.selenium.excel.ReadDataFromExcelFile"/>
</testsuite> <!-- com.durgasoft.selenium.excel.ReadDataFromExcelFile -->
