<?xml version="1.0" encoding="UTF-8"?>
<!-- Generated by org.testng.reporters.JUnitReportReporter -->
<testsuite skipped="0" hostname="SELENIUM" name="com.durgasoft.selenium.test.FaceBook_DD" tests="1" failures="0" timestamp="22 Aug 2019 07:28:18 GMT" time="11.000" errors="0">
  <testcase name="ffacebookDD" time="11.000" classname="com.durgasoft.selenium.test.FaceBook_DD"/>
</testsuite> <!-- com.durgasoft.selenium.test.FaceBook_DD -->
