<?xml version="1.0" encoding="UTF-8"?>
<!-- Generated by org.testng.reporters.JUnitReportReporter -->
<testsuite skipped="0" hostname="SELENIUM" name="com.durgasoft.selenium.test.ClickLink_Bing" tests="1" failures="0" timestamp="22 Aug 2019 06:48:24 GMT" time="1.469" errors="0">
  <testcase name="f" time="1.469" classname="com.durgasoft.selenium.test.ClickLink_Bing"/>
</testsuite> <!-- com.durgasoft.selenium.test.ClickLink_Bing -->
