<?xml version="1.0" encoding="UTF-8"?>
<!-- Generated by org.testng.reporters.JUnitReportReporter -->
<testsuite skipped="0" hostname="SELENIUM" name="com.durgasoft.selenium.test.HMS_Login_Logout_Excel_API" tests="1" failures="0" timestamp="07 Sep 2019 07:46:23 GMT" time="10.172" errors="0">
  <testcase name="f" time="10.172" classname="com.durgasoft.selenium.test.HMS_Login_Logout_Excel_API"/>
</testsuite> <!-- com.durgasoft.selenium.test.HMS_Login_Logout_Excel_API -->
