<?xml version="1.0" encoding="UTF-8"?>
<!-- Generated by org.testng.reporters.JUnitReportReporter -->
<testsuite skipped="4" hostname="SELENIUM" name="com.durgasoft.selenium.test.CaptureScreenshot" tests="5" failures="0" timestamp="28 Aug 2019 07:05:16 GMT" time="14.386" errors="0">
  <testcase name="passedScreenshot" time="14.386" classname="com.durgasoft.selenium.test.CaptureScreenshot"/>
  <testcase name="functionalBasedScreenshot" classname="com.durgasoft.selenium.test.CaptureScreenshot">
    <skipped/>
  </testcase> <!-- functionalBasedScreenshot -->
  <testcase name="dateNtimeScreenshot" classname="com.durgasoft.selenium.test.CaptureScreenshot">
    <skipped/>
  </testcase> <!-- dateNtimeScreenshot -->
  <testcase name="conditionBasedScreenshot" classname="com.durgasoft.selenium.test.CaptureScreenshot">
    <skipped/>
  </testcase> <!-- conditionBasedScreenshot -->
  <testcase name="normalScreenshot" classname="com.durgasoft.selenium.test.CaptureScreenshot">
    <skipped/>
  </testcase> <!-- normalScreenshot -->
</testsuite> <!-- com.durgasoft.selenium.test.CaptureScreenshot -->
