<?xml version="1.0" encoding="UTF-8"?>
<!-- Generated by org.testng.reporters.JUnitReportReporter -->
<testsuite skipped="0" hostname="SELENIUM" name="com.durgasoft.selenium.test.Echo_CheckBox_Properties" tests="1" failures="0" timestamp="23 Aug 2019 07:31:12 GMT" time="5.554" errors="0">
  <testcase name="f" time="5.554" classname="com.durgasoft.selenium.test.Echo_CheckBox_Properties"/>
</testsuite> <!-- com.durgasoft.selenium.test.Echo_CheckBox_Properties -->
