<?xml version="1.0" encoding="UTF-8"?>
<!-- Generated by org.testng.reporters.JUnitReportReporter -->
<testsuite skipped="0" hostname="SELENIUM" name="com.durgasoft.selenium.test.MouseOver_WD" tests="1" failures="0" timestamp="30 Aug 2019 06:49:23 GMT" time="12.437" errors="0">
  <testcase name="f" time="12.437" classname="com.durgasoft.selenium.test.MouseOver_WD"/>
</testsuite> <!-- com.durgasoft.selenium.test.MouseOver_WD -->
