<?xml version="1.0" encoding="UTF-8"?>
<!-- Generated by org.testng.reporters.JUnitReportReporter -->
<testsuite skipped="0" hostname="SELENIUM" name="com.durgasoft.selenium.test.BootstrapAlert_RedBus" tests="1" failures="0" timestamp="26 Aug 2019 07:37:35 GMT" time="107.261" errors="0">
  <testcase name="f" time="107.261" classname="com.durgasoft.selenium.test.BootstrapAlert_RedBus"/>
</testsuite> <!-- com.durgasoft.selenium.test.BootstrapAlert_RedBus -->
