<?xml version="1.0" encoding="UTF-8"?>
<!-- Generated by org.testng.reporters.JUnitReportReporter -->
<testsuite skipped="0" hostname="SELENIUM" name="com.durgasoft.selenium.excel.WriteExcelDataByColumnName" tests="1" failures="0" timestamp="06 Sep 2019 07:25:59 GMT" time="1.333" errors="0">
  <testcase name="f" time="1.333" classname="com.durgasoft.selenium.excel.WriteExcelDataByColumnName"/>
</testsuite> <!-- com.durgasoft.selenium.excel.WriteExcelDataByColumnName -->
